[0602/163726.078:ERROR:process_memory_win.cc(73)] ReadMemory at 0x7ff6854a0000 of 64 bytes failed: Only part of a ReadProcessMemory or WriteProcessMemory request was completed. (0x12B)
[0602/163727.929:WARNING:pe_image_reader.cc(340)] could not read dos header from C:\Program Files (x86)\Google\Chrome\Application\chrome.exe
[0602/163727.929:ERROR:process_memory_win.cc(73)] ReadMemory at 0x7ffdd8dc0000 of 64 bytes failed: Only part of a ReadProcessMemory or WriteProcessMemory request was completed. (0x12B)
[0602/163727.929:WARNING:pe_image_reader.cc(340)] could not read dos header from C:\WINDOWS\SYSTEM32\ntdll.dll
[0602/163727.929:ERROR:process_memory_win.cc(73)] ReadMemory at 0x7ffdd8aa0000 of 64 bytes failed: Only part of a ReadProcessMemory or WriteProcessMemory request was completed. (0x12B)
[0602/163727.930:WARNING:pe_image_reader.cc(340)] could not read dos header from C:\WINDOWS\System32\KERNEL32.DLL
[0602/163727.930:ERROR:process_memory_win.cc(73)] ReadMemory at 0x7ffdd5f00000 of 64 bytes failed: Only part of a ReadProcessMemory or WriteProcessMemory request was completed. (0x12B)
[0602/163727.930:WARNING:pe_image_reader.cc(340)] could not read dos header from C:\WINDOWS\System32\KERNELBASE.dll
[0602/163727.931:ERROR:process_memory_win.cc(73)] ReadMemory at 0x7ffda1480000 of 64 bytes failed: Only part of a ReadProcessMemory or WriteProcessMemory request was completed. (0x12B)
[0602/163727.931:WARNING:pe_image_reader.cc(340)] could not read dos header from C:\Program Files (x86)\Google\Chrome\Application\83.0.4103.61\chrome_elf.dll
[0602/163727.931:ERROR:process_memory_win.cc(73)] ReadMemory at 0x7ffdc6fe0000 of 64 bytes failed: Only part of a ReadProcessMemory or WriteProcessMemory request was completed. (0x12B)
[0602/163727.931:WARNING:pe_image_reader.cc(340)] could not read dos header from C:\WINDOWS\SYSTEM32\VERSION.dll
[0602/163727.931:ERROR:process_memory_win.cc(73)] ReadMemory at 0x7ffdd7c90000 of 64 bytes failed: Only part of a ReadProcessMemory or WriteProcessMemory request was completed. (0x12B)
[0602/163727.931:WARNING:pe_image_reader.cc(340)] could not read dos header from C:\WINDOWS\System32\msvcrt.dll
[0602/163727.931:ERROR:process_memory_win.cc(73)] ReadMemory at 0x7ffdd6b20000 of 64 bytes failed: Only part of a ReadProcessMemory or WriteProcessMemory request was completed. (0x12B)
[0602/163727.931:WARNING:pe_image_reader.cc(340)] could not read dos header from C:\WINDOWS\System32\bcryptPrimitives.dll
[0602/163727.931:ERROR:process_memory_win.cc(73)] ReadMemory at 0x7ffdd8450000 of 64 bytes failed: Only part of a ReadProcessMemory or WriteProcessMemory request was completed. (0x12B)
[0602/163727.931:WARNING:pe_image_reader.cc(340)] could not read dos header from C:\WINDOWS\System32\ADVAPI32.dll
[0602/163727.931:ERROR:process_memory_win.cc(73)] ReadMemory at 0x7ffdd8c00000 of 64 bytes failed: Only part of a ReadProcessMemory or WriteProcessMemory request was completed. (0x12B)
[0602/163727.932:WARNING:pe_image_reader.cc(340)] could not read dos header from C:\WINDOWS\System32\sechost.dll
[0602/163727.932:ERROR:process_memory_win.cc(73)] ReadMemory at 0x7ffdd6f90000 of 64 bytes failed: Only part of a ReadProcessMemory or WriteProcessMemory request was completed. (0x12B)
[0602/163727.932:WARNING:pe_image_reader.cc(340)] could not read dos header from C:\WINDOWS\System32\RPCRT4.dll
[0602/163727.932:ERROR:process_memory_win.cc(73)] ReadMemory at 0x7ffd77030000 of 64 bytes failed: Only part of a ReadProcessMemory or WriteProcessMemory request was completed. (0x12B)
[0602/163727.932:WARNING:pe_image_reader.cc(340)] could not read dos header from C:\Program Files (x86)\Google\Chrome\Application\83.0.4103.61\chrome.dll
[0602/163727.932:ERROR:process_memory_win.cc(73)] ReadMemory at 0x7ffdd7a80000 of 64 bytes failed: Only part of a ReadProcessMemory or WriteProcessMemory request was completed. (0x12B)
[0602/163727.932:WARNING:pe_image_reader.cc(340)] could not read dos header from C:\WINDOWS\System32\WS2_32.dll
[0602/163727.932:ERROR:process_memory_win.cc(73)] ReadMemory at 0x7ffdd7d40000 of 64 bytes failed: Only part of a ReadProcessMemory or WriteProcessMemory request was completed. (0x12B)
[0602/163727.932:WARNING:pe_image_reader.cc(340)] could not read dos header from C:\WINDOWS\System32\OLEAUT32.dll
[0602/163727.933:ERROR:process_memory_win.cc(73)] ReadMemory at 0x7ffdd6bf0000 of 64 bytes failed: Only part of a ReadProcessMemory or WriteProcessMemory request was completed. (0x12B)
[0602/163727.933:WARNING:pe_image_reader.cc(340)] could not read dos header from C:\WINDOWS\System32\msvcp_win.dll
[0602/163727.933:ERROR:process_memory_win.cc(73)] ReadMemory at 0x7ffdd5e00000 of 64 bytes failed: Only part of a ReadProcessMemory or WriteProcessMemory request was completed. (0x12B)
[0602/163727.933:WARNING:pe_image_reader.cc(340)] could not read dos header from C:\WINDOWS\System32\ucrtbase.dll
[0602/163727.933:ERROR:process_memory_win.cc(73)] ReadMemory at 0x7ffdd8070000 of 64 bytes failed: Only part of a ReadProcessMemory or WriteProcessMemory request was completed. (0x12B)
[0602/163727.933:WARNING:pe_image_reader.cc(340)] could not read dos header from C:\WINDOWS\System32\combase.dll
[0602/163727.933:ERROR:process_memory_win.cc(73)] ReadMemory at 0x7ffdd5da0000 of 64 bytes failed: Only part of a ReadProcessMemory or WriteProcessMemory request was completed. (0x12B)
[0602/163727.933:WARNING:pe_image_reader.cc(340)] could not read dos header from C:\WINDOWS\System32\WINTRUST.dll
[0602/163727.933:ERROR:process_memory_win.cc(73)] ReadMemory at 0x7ffdd5d80000 of 64 bytes failed: Only part of a ReadProcessMemory or WriteProcessMemory request was completed. (0x12B)
[0602/163727.933:WARNING:pe_image_reader.cc(340)] could not read dos header from C:\WINDOWS\System32\MSASN1.dll
[0602/163727.933:ERROR:process_memory_win.cc(73)] ReadMemory at 0x7ffdd6d40000 of 64 bytes failed: Only part of a ReadProcessMemory or WriteProcessMemory request was completed. (0x12B)
[0602/163727.934:WARNING:pe_image_reader.cc(340)] could not read dos header from C:\WINDOWS\System32\CRYPT32.dll
[0602/163727.934:ERROR:process_memory_win.cc(73)] ReadMemory at 0x7ffdd51f0000 of 64 bytes failed: Only part of a ReadProcessMemory or WriteProcessMemory request was completed. (0x12B)
[0602/163727.934:WARNING:pe_image_reader.cc(340)] could not read dos header from C:\WINDOWS\SYSTEM32\IPHLPAPI.DLL
[0602/163727.934:ERROR:process_memory_win.cc(73)] ReadMemory at 0x7ffdd2dc0000 of 64 bytes failed: Only part of a ReadProcessMemory or WriteProcessMemory request was completed. (0x12B)
[0602/163727.934:WARNING:pe_image_reader.cc(340)] could not read dos header from C:\WINDOWS\SYSTEM32\WINMM.dll
[0602/163727.934:ERROR:process_memory_win.cc(73)] ReadMemory at 0x7ffdc2a10000 of 64 bytes failed: Only part of a ReadProcessMemory or WriteProcessMemory request was completed. (0x12B)
[0602/163727.934:WARNING:pe_image_reader.cc(340)] could not read dos header from C:\WINDOWS\SYSTEM32\Secur32.dll
[0602/163727.934:ERROR:process_memory_win.cc(73)] ReadMemory at 0x7ffdd5bc0000 of 64 bytes failed: Only part of a ReadProcessMemory or WriteProcessMemory request was completed. (0x12B)
[0602/163727.934:WARNING:pe_image_reader.cc(340)] could not read dos header from C:\WINDOWS\SYSTEM32\USERENV.dll
[0602/163727.934:ERROR:process_memory_win.cc(73)] ReadMemory at 0x7ffdd5d50000 of 64 bytes failed: Only part of a ReadProcessMemory or WriteProcessMemory request was completed. (0x12B)
[0602/163727.934:WARNING:pe_image_reader.cc(340)] could not read dos header from C:\WINDOWS\System32\profapi.dll
[0602/163727.934:ERROR:process_memory_win.cc(73)] ReadMemory at 0x7ffdafc30000 of 64 bytes failed: Only part of a ReadProcessMemory or WriteProcessMemory request was completed. (0x12B)
[0602/163727.934:WARNING:pe_image_reader.cc(340)] could not read dos header from C:\WINDOWS\SYSTEM32\UIAutomationCore.DLL
[0602/163727.935:ERROR:process_memory_win.cc(73)] ReadMemory at 0x7ffdb26a0000 of 64 bytes failed: Only part of a ReadProcessMemory or WriteProcessMemory request was completed. (0x12B)
[0602/163727.935:WARNING:pe_image_reader.cc(340)] could not read dos header from C:\WINDOWS\SYSTEM32\DWrite.dll
[0602/163727.935:ERROR:process_memory_win.cc(73)] ReadMemory at 0x7ffdc53d0000 of 64 bytes failed: Only part of a ReadProcessMemory or WriteProcessMemory request was completed. (0x12B)
[0602/163727.935:WARNING:pe_image_reader.cc(340)] could not read dos header from C:\WINDOWS\SYSTEM32\WINSPOOL.DRV
[0602/163727.935:ERROR:process_memory_win.cc(73)] ReadMemory at 0x7ffdd5ce0000 of 64 bytes failed: Only part of a ReadProcessMemory or WriteProcessMemory request was completed. (0x12B)
[0602/163727.935:WARNING:pe_image_reader.cc(340)] could not read dos header from C:\WINDOWS\System32\kernel.appcore.dll
[0602/163727.935:ERROR:process_memory_win.cc(73)] ReadMemory at 0x7ffdd6bc0000 of 64 bytes failed: Only part of a ReadProcessMemory or WriteProcessMemory request was completed. (0x12B)
[0602/163727.935:WARNING:pe_image_reader.cc(340)] could not read dos header from C:\WINDOWS\System32\bcrypt.dll
[0602/163727.935:ERROR:process_memory_win.cc(73)] ReadMemory at 0x7ffdd45b0000 of 64 bytes failed: Only part of a ReadProcessMemory or WriteProcessMemory request was completed. (0x12B)
[0602/163727.935:WARNING:pe_image_reader.cc(340)] could not read dos header from C:\WINDOWS\SYSTEM32\dbghelp.dll
[0602/163727.935:ERROR:process_memory_win.cc(73)] ReadMemory at 0x7ffdcf7d0000 of 64 bytes failed: Only part of a ReadProcessMemory or WriteProcessMemory request was completed. (0x12B)
[0602/163727.936:WARNING:pe_image_reader.cc(340)] could not read dos header from C:\WINDOWS\SYSTEM32\WINHTTP.dll
[0602/163727.936:ERROR:process_memory_win.cc(73)] ReadMemory at 0x7ffdcadc0000 of 64 bytes failed: Only part of a ReadProcessMemory or WriteProcessMemory request was completed. (0x12B)
[0602/163727.936:WARNING:pe_image_reader.cc(340)] could not read dos header from C:\WINDOWS\SYSTEM32\dhcpcsvc.DLL
[0602/163727.936:ERROR:process_memory_win.cc(73)] ReadMemory at 0x7ffdd6f80000 of 64 bytes failed: Only part of a ReadProcessMemory or WriteProcessMemory request was completed. (0x12B)
[0602/163727.936:WARNING:pe_image_reader.cc(340)] could not read dos header from C:\WINDOWS\System32\NSI.dll
[0602/163727.936:ERROR:process_memory_win.cc(73)] ReadMemory at 0x7ffdd2bb0000 of 64 bytes failed: Only part of a ReadProcessMemory or WriteProcessMemory request was completed. (0x12B)
[0602/163727.936:WARNING:pe_image_reader.cc(340)] could not read dos header from C:\WINDOWS\SYSTEM32\WINMMBASE.dll
[0602/163727.936:ERROR:process_memory_win.cc(73)] ReadMemory at 0x7ffdd6ad0000 of 64 bytes failed: Only part of a ReadProcessMemory or WriteProcessMemory request was completed. (0x12B)
[0602/163727.936:WARNING:pe_image_reader.cc(340)] could not read dos header from C:\WINDOWS\System32\cfgmgr32.dll
[0602/163727.936:ERROR:process_memory_win.cc(73)] ReadMemory at 0x7ffdd38f0000 of 64 bytes failed: Only part of a ReadProcessMemory or WriteProcessMemory request was completed. (0x12B)
[0602/163727.936:WARNING:pe_image_reader.cc(340)] could not read dos header from C:\WINDOWS\SYSTEM32\PROPSYS.dll
[0602/163727.936:ERROR:process_memory_win.cc(73)] ReadMemory at 0x7ffdd7e10000 of 64 bytes failed: Only part of a ReadProcessMemory or WriteProcessMemory request was completed. (0x12B)
[0602/163727.937:WARNING:pe_image_reader.cc(340)] could not read dos header from C:\WINDOWS\System32\shcore.dll
[0602/163727.937:ERROR:process_memory_win.cc(73)] ReadMemory at 0x7ffdd5bf0000 of 64 bytes failed: Only part of a ReadProcessMemory or WriteProcessMemory request was completed. (0x12B)
[0602/163727.937:WARNING:pe_image_reader.cc(340)] could not read dos header from C:\WINDOWS\SYSTEM32\SSPICLI.DLL
[0602/163727.937:ERROR:process_memory_win.cc(73)] ReadMemory at 0x7ffdd56b0000 of 64 bytes failed: Only part of a ReadProcessMemory or WriteProcessMemory request was completed. (0x12B)
[0602/163727.937:WARNING:pe_image_reader.cc(340)] could not read dos header from C:\WINDOWS\SYSTEM32\CRYPTBASE.DLL
[0602/163727.949:ERROR:process_memory_win.cc(73)] ReadMemory at 0x7ff6854a0000 of 64 bytes failed: Only part of a ReadProcessMemory or WriteProcessMemory request was completed. (0x12B)
[0602/163727.949:WARNING:pe_image_reader.cc(340)] could not read dos header from C:\Program Files (x86)\Google\Chrome\Application\chrome.exe
[0602/163727.949:ERROR:process_memory_win.cc(73)] ReadMemory at 0x7ffdd8dc0000 of 64 bytes failed: Only part of a ReadProcessMemory or WriteProcessMemory request was completed. (0x12B)
[0602/163727.949:WARNING:pe_image_reader.cc(340)] could not read dos header from C:\WINDOWS\SYSTEM32\ntdll.dll
[0602/163727.949:ERROR:process_memory_win.cc(73)] ReadMemory at 0x7ffdd8aa0000 of 64 bytes failed: Only part of a ReadProcessMemory or WriteProcessMemory request was completed. (0x12B)
[0602/163727.949:WARNING:pe_image_reader.cc(340)] could not read dos header from C:\WINDOWS\System32\KERNEL32.DLL
[0602/163727.949:ERROR:process_memory_win.cc(73)] ReadMemory at 0x7ffdd5f00000 of 64 bytes failed: Only part of a ReadProcessMemory or WriteProcessMemory request was completed. (0x12B)
[0602/163727.950:WARNING:pe_image_reader.cc(340)] could not read dos header from C:\WINDOWS\System32\KERNELBASE.dll
[0602/163727.950:ERROR:process_memory_win.cc(73)] ReadMemory at 0x7ffda1480000 of 64 bytes failed: Only part of a ReadProcessMemory or WriteProcessMemory request was completed. (0x12B)
[0602/163727.950:WARNING:pe_image_reader.cc(340)] could not read dos header from C:\Program Files (x86)\Google\Chrome\Application\83.0.4103.61\chrome_elf.dll
[0602/163727.950:ERROR:process_memory_win.cc(73)] ReadMemory at 0x7ffdc6fe0000 of 64 bytes failed: Only part of a ReadProcessMemory or WriteProcessMemory request was completed. (0x12B)
[0602/163727.950:WARNING:pe_image_reader.cc(340)] could not read dos header from C:\WINDOWS\SYSTEM32\VERSION.dll
[0602/163727.950:ERROR:process_memory_win.cc(73)] ReadMemory at 0x7ffdd7c90000 of 64 bytes failed: Only part of a ReadProcessMemory or WriteProcessMemory request was completed. (0x12B)
[0602/163727.950:WARNING:pe_image_reader.cc(340)] could not read dos header from C:\WINDOWS\System32\msvcrt.dll
[0602/163727.950:ERROR:process_memory_win.cc(73)] ReadMemory at 0x7ffdd6b20000 of 64 bytes failed: Only part of a ReadProcessMemory or WriteProcessMemory request was completed. (0x12B)
[0602/163727.950:WARNING:pe_image_reader.cc(340)] could not read dos header from C:\WINDOWS\System32\bcryptPrimitives.dll
[0602/163727.950:ERROR:process_memory_win.cc(73)] ReadMemory at 0x7ffdd8450000 of 64 bytes failed: Only part of a ReadProcessMemory or WriteProcessMemory request was completed. (0x12B)
[0602/163727.950:WARNING:pe_image_reader.cc(340)] could not read dos header from C:\WINDOWS\System32\ADVAPI32.dll
[0602/163727.950:ERROR:process_memory_win.cc(73)] ReadMemory at 0x7ffdd8c00000 of 64 bytes failed: Only part of a ReadProcessMemory or WriteProcessMemory request was completed. (0x12B)
[0602/163727.950:WARNING:pe_image_reader.cc(340)] could not read dos header from C:\WINDOWS\System32\sechost.dll
[0602/163727.951:ERROR:process_memory_win.cc(73)] ReadMemory at 0x7ffdd6f90000 of 64 bytes failed: Only part of a ReadProcessMemory or WriteProcessMemory request was completed. (0x12B)
[0602/163727.951:WARNING:pe_image_reader.cc(340)] could not read dos header from C:\WINDOWS\System32\RPCRT4.dll
[0602/163727.951:ERROR:process_memory_win.cc(73)] ReadMemory at 0x7ffd77030000 of 64 bytes failed: Only part of a ReadProcessMemory or WriteProcessMemory request was completed. (0x12B)
[0602/163727.951:WARNING:pe_image_reader.cc(340)] could not read dos header from C:\Program Files (x86)\Google\Chrome\Application\83.0.4103.61\chrome.dll
[0602/163727.951:ERROR:process_memory_win.cc(73)] ReadMemory at 0x7ffdd7a80000 of 64 bytes failed: Only part of a ReadProcessMemory or WriteProcessMemory request was completed. (0x12B)
[0602/163727.951:WARNING:pe_image_reader.cc(340)] could not read dos header from C:\WINDOWS\System32\WS2_32.dll
[0602/163727.951:ERROR:process_memory_win.cc(73)] ReadMemory at 0x7ffdd7d40000 of 64 bytes failed: Only part of a ReadProcessMemory or WriteProcessMemory request was completed. (0x12B)
[0602/163727.951:WARNING:pe_image_reader.cc(340)] could not read dos header from C:\WINDOWS\System32\OLEAUT32.dll
[0602/163727.951:ERROR:process_memory_win.cc(73)] ReadMemory at 0x7ffdd6bf0000 of 64 bytes failed: Only part of a ReadProcessMemory or WriteProcessMemory request was completed. (0x12B)
[0602/163727.951:WARNING:pe_image_reader.cc(340)] could not read dos header from C:\WINDOWS\System32\msvcp_win.dll
[0602/163727.952:ERROR:process_memory_win.cc(73)] ReadMemory at 0x7ffdd5e00000 of 64 bytes failed: Only part of a ReadProcessMemory or WriteProcessMemory request was completed. (0x12B)
[0602/163727.952:WARNING:pe_image_reader.cc(340)] could not read dos header from C:\WINDOWS\System32\ucrtbase.dll
[0602/163727.952:ERROR:process_memory_win.cc(73)] ReadMemory at 0x7ffdd8070000 of 64 bytes failed: Only part of a ReadProcessMemory or WriteProcessMemory request was completed. (0x12B)
[0602/163727.952:WARNING:pe_image_reader.cc(340)] could not read dos header from C:\WINDOWS\System32\combase.dll
[0602/163727.952:ERROR:process_memory_win.cc(73)] ReadMemory at 0x7ffdd5da0000 of 64 bytes failed: Only part of a ReadProcessMemory or WriteProcessMemory request was completed. (0x12B)
[0602/163727.952:WARNING:pe_image_reader.cc(340)] could not read dos header from C:\WINDOWS\System32\WINTRUST.dll
[0602/163727.952:ERROR:process_memory_win.cc(73)] ReadMemory at 0x7ffdd5d80000 of 64 bytes failed: Only part of a ReadProcessMemory or WriteProcessMemory request was completed. (0x12B)
[0602/163727.952:WARNING:pe_image_reader.cc(340)] could not read dos header from C:\WINDOWS\System32\MSASN1.dll
[0602/163727.952:ERROR:process_memory_win.cc(73)] ReadMemory at 0x7ffdd6d40000 of 64 bytes failed: Only part of a ReadProcessMemory or WriteProcessMemory request was completed. (0x12B)
[0602/163727.952:WARNING:pe_image_reader.cc(340)] could not read dos header from C:\WINDOWS\System32\CRYPT32.dll
[0602/163727.952:ERROR:process_memory_win.cc(73)] ReadMemory at 0x7ffdd51f0000 of 64 bytes failed: Only part of a ReadProcessMemory or WriteProcessMemory request was completed. (0x12B)
[0602/163727.952:WARNING:pe_image_reader.cc(340)] could not read dos header from C:\WINDOWS\SYSTEM32\IPHLPAPI.DLL
[0602/163727.952:ERROR:process_memory_win.cc(73)] ReadMemory at 0x7ffdd2dc0000 of 64 bytes failed: Only part of a ReadProcessMemory or WriteProcessMemory request was completed. (0x12B)
[0602/163727.953:WARNING:pe_image_reader.cc(340)] could not read dos header from C:\WINDOWS\SYSTEM32\WINMM.dll
[0602/163727.953:ERROR:process_memory_win.cc(73)] ReadMemory at 0x7ffdc2a10000 of 64 bytes failed: Only part of a ReadProcessMemory or WriteProcessMemory request was completed. (0x12B)
[0602/163727.953:WARNING:pe_image_reader.cc(340)] could not read dos header from C:\WINDOWS\SYSTEM32\Secur32.dll
[0602/163727.953:ERROR:process_memory_win.cc(73)] ReadMemory at 0x7ffdd5bc0000 of 64 bytes failed: Only part of a ReadProcessMemory or WriteProcessMemory request was completed. (0x12B)
[0602/163727.953:WARNING:pe_image_reader.cc(340)] could not read dos header from C:\WINDOWS\SYSTEM32\USERENV.dll
[0602/163727.953:ERROR:process_memory_win.cc(73)] ReadMemory at 0x7ffdd5d50000 of 64 bytes failed: Only part of a ReadProcessMemory or WriteProcessMemory request was completed. (0x12B)
[0602/163727.953:WARNING:pe_image_reader.cc(340)] could not read dos header from C:\WINDOWS\System32\profapi.dll
[0602/163727.953:ERROR:process_memory_win.cc(73)] ReadMemory at 0x7ffdafc30000 of 64 bytes failed: Only part of a ReadProcessMemory or WriteProcessMemory request was completed. (0x12B)
[0602/163727.953:WARNING:pe_image_reader.cc(340)] could not read dos header from C:\WINDOWS\SYSTEM32\UIAutomationCore.DLL
[0602/163727.953:ERROR:process_memory_win.cc(73)] ReadMemory at 0x7ffdb26a0000 of 64 bytes failed: Only part of a ReadProcessMemory or WriteProcessMemory request was completed. (0x12B)
[0602/163727.953:WARNING:pe_image_reader.cc(340)] could not read dos header from C:\WINDOWS\SYSTEM32\DWrite.dll
[0602/163727.953:ERROR:process_memory_win.cc(73)] ReadMemory at 0x7ffdc53d0000 of 64 bytes failed: Only part of a ReadProcessMemory or WriteProcessMemory request was completed. (0x12B)
[0602/163727.953:WARNING:pe_image_reader.cc(340)] could not read dos header from C:\WINDOWS\SYSTEM32\WINSPOOL.DRV
[0602/163727.954:ERROR:process_memory_win.cc(73)] ReadMemory at 0x7ffdd5ce0000 of 64 bytes failed: Only part of a ReadProcessMemory or WriteProcessMemory request was completed. (0x12B)
[0602/163727.954:WARNING:pe_image_reader.cc(340)] could not read dos header from C:\WINDOWS\System32\kernel.appcore.dll
[0602/163727.954:ERROR:process_memory_win.cc(73)] ReadMemory at 0x7ffdd6bc0000 of 64 bytes failed: Only part of a ReadProcessMemory or WriteProcessMemory request was completed. (0x12B)
[0602/163727.954:WARNING:pe_image_reader.cc(340)] could not read dos header from C:\WINDOWS\System32\bcrypt.dll
[0602/163727.954:ERROR:process_memory_win.cc(73)] ReadMemory at 0x7ffdd45b0000 of 64 bytes failed: Only part of a ReadProcessMemory or WriteProcessMemory request was completed. (0x12B)
[0602/163727.954:WARNING:pe_image_reader.cc(340)] could not read dos header from C:\WINDOWS\SYSTEM32\dbghelp.dll
[0602/163727.954:ERROR:process_memory_win.cc(73)] ReadMemory at 0x7ffdcf7d0000 of 64 bytes failed: Only part of a ReadProcessMemory or WriteProcessMemory request was completed. (0x12B)
[0602/163727.954:WARNING:pe_image_reader.cc(340)] could not read dos header from C:\WINDOWS\SYSTEM32\WINHTTP.dll
[0602/163727.954:ERROR:process_memory_win.cc(73)] ReadMemory at 0x7ffdcadc0000 of 64 bytes failed: Only part of a ReadProcessMemory or WriteProcessMemory request was completed. (0x12B)
[0602/163727.954:WARNING:pe_image_reader.cc(340)] could not read dos header from C:\WINDOWS\SYSTEM32\dhcpcsvc.DLL
[0602/163727.954:ERROR:process_memory_win.cc(73)] ReadMemory at 0x7ffdd6f80000 of 64 bytes failed: Only part of a ReadProcessMemory or WriteProcessMemory request was completed. (0x12B)
[0602/163727.954:WARNING:pe_image_reader.cc(340)] could not read dos header from C:\WINDOWS\System32\NSI.dll
[0602/163727.955:ERROR:process_memory_win.cc(73)] ReadMemory at 0x7ffdd2bb0000 of 64 bytes failed: Only part of a ReadProcessMemory or WriteProcessMemory request was completed. (0x12B)
[0602/163727.955:WARNING:pe_image_reader.cc(340)] could not read dos header from C:\WINDOWS\SYSTEM32\WINMMBASE.dll
[0602/163727.955:ERROR:process_memory_win.cc(73)] ReadMemory at 0x7ffdd6ad0000 of 64 bytes failed: Only part of a ReadProcessMemory or WriteProcessMemory request was completed. (0x12B)
[0602/163727.955:WARNING:pe_image_reader.cc(340)] could not read dos header from C:\WINDOWS\System32\cfgmgr32.dll
[0602/163727.955:ERROR:process_memory_win.cc(73)] ReadMemory at 0x7ffdd38f0000 of 64 bytes failed: Only part of a ReadProcessMemory or WriteProcessMemory request was completed. (0x12B)
[0602/163727.955:WARNING:pe_image_reader.cc(340)] could not read dos header from C:\WINDOWS\SYSTEM32\PROPSYS.dll
[0602/163727.955:ERROR:process_memory_win.cc(73)] ReadMemory at 0x7ffdd7e10000 of 64 bytes failed: Only part of a ReadProcessMemory or WriteProcessMemory request was completed. (0x12B)
[0602/163727.955:WARNING:pe_image_reader.cc(340)] could not read dos header from C:\WINDOWS\System32\shcore.dll
[0602/163727.955:ERROR:process_memory_win.cc(73)] ReadMemory at 0x7ffdd5bf0000 of 64 bytes failed: Only part of a ReadProcessMemory or WriteProcessMemory request was completed. (0x12B)
[0602/163727.955:WARNING:pe_image_reader.cc(340)] could not read dos header from C:\WINDOWS\SYSTEM32\SSPICLI.DLL
[0602/163727.955:ERROR:process_memory_win.cc(73)] ReadMemory at 0x7ffdd56b0000 of 64 bytes failed: Only part of a ReadProcessMemory or WriteProcessMemory request was completed. (0x12B)
[0602/163727.955:WARNING:pe_image_reader.cc(340)] could not read dos header from C:\WINDOWS\SYSTEM32\CRYPTBASE.DLL
[0602/163727.955:ERROR:process_memory_win.cc(73)] ReadMemory at 0x7ff6854a0000 of 64 bytes failed: Only part of a ReadProcessMemory or WriteProcessMemory request was completed. (0x12B)
[0602/163727.955:WARNING:pe_image_reader.cc(340)] could not read dos header from C:\Program Files (x86)\Google\Chrome\Application\chrome.exe
[0602/163727.956:ERROR:process_memory_win.cc(73)] ReadMemory at 0x7ffdd8dc0000 of 64 bytes failed: Only part of a ReadProcessMemory or WriteProcessMemory request was completed. (0x12B)
[0602/163727.956:WARNING:pe_image_reader.cc(340)] could not read dos header from C:\WINDOWS\SYSTEM32\ntdll.dll
[0602/163727.956:ERROR:process_memory_win.cc(73)] ReadMemory at 0x7ffdd8aa0000 of 64 bytes failed: Only part of a ReadProcessMemory or WriteProcessMemory request was completed. (0x12B)
[0602/163727.956:WARNING:pe_image_reader.cc(340)] could not read dos header from C:\WINDOWS\System32\KERNEL32.DLL
[0602/163727.956:ERROR:process_memory_win.cc(73)] ReadMemory at 0x7ffdd5f00000 of 64 bytes failed: Only part of a ReadProcessMemory or WriteProcessMemory request was completed. (0x12B)
[0602/163727.956:WARNING:pe_image_reader.cc(340)] could not read dos header from C:\WINDOWS\System32\KERNELBASE.dll
[0602/163727.956:ERROR:process_memory_win.cc(73)] ReadMemory at 0x7ffda1480000 of 64 bytes failed: Only part of a ReadProcessMemory or WriteProcessMemory request was completed. (0x12B)
[0602/163727.956:WARNING:pe_image_reader.cc(340)] could not read dos header from C:\Program Files (x86)\Google\Chrome\Application\83.0.4103.61\chrome_elf.dll
[0602/163727.956:ERROR:process_memory_win.cc(73)] ReadMemory at 0x7ffdc6fe0000 of 64 bytes failed: Only part of a ReadProcessMemory or WriteProcessMemory request was completed. (0x12B)
[0602/163727.956:WARNING:pe_image_reader.cc(340)] could not read dos header from C:\WINDOWS\SYSTEM32\VERSION.dll
[0602/163727.956:ERROR:process_memory_win.cc(73)] ReadMemory at 0x7ffdd7c90000 of 64 bytes failed: Only part of a ReadProcessMemory or WriteProcessMemory request was completed. (0x12B)
[0602/163727.956:WARNING:pe_image_reader.cc(340)] could not read dos header from C:\WINDOWS\System32\msvcrt.dll
[0602/163727.957:ERROR:process_memory_win.cc(73)] ReadMemory at 0x7ffdd6b20000 of 64 bytes failed: Only part of a ReadProcessMemory or WriteProcessMemory request was completed. (0x12B)
[0602/163727.957:WARNING:pe_image_reader.cc(340)] could not read dos header from C:\WINDOWS\System32\bcryptPrimitives.dll
[0602/163727.957:ERROR:process_memory_win.cc(73)] ReadMemory at 0x7ffdd8450000 of 64 bytes failed: Only part of a ReadProcessMemory or WriteProcessMemory request was completed. (0x12B)
[0602/163727.957:WARNING:pe_image_reader.cc(340)] could not read dos header from C:\WINDOWS\System32\ADVAPI32.dll
[0602/163727.957:ERROR:process_memory_win.cc(73)] ReadMemory at 0x7ffdd8c00000 of 64 bytes failed: Only part of a ReadProcessMemory or WriteProcessMemory request was completed. (0x12B)
[0602/163727.957:WARNING:pe_image_reader.cc(340)] could not read dos header from C:\WINDOWS\System32\sechost.dll
[0602/163727.957:ERROR:process_memory_win.cc(73)] ReadMemory at 0x7ffdd6f90000 of 64 bytes failed: Only part of a ReadProcessMemory or WriteProcessMemory request was completed. (0x12B)
[0602/163727.957:WARNING:pe_image_reader.cc(340)] could not read dos header from C:\WINDOWS\System32\RPCRT4.dll
[0602/163727.957:ERROR:process_memory_win.cc(73)] ReadMemory at 0x7ffd77030000 of 64 bytes failed: Only part of a ReadProcessMemory or WriteProcessMemory request was completed. (0x12B)
[0602/163727.957:WARNING:pe_image_reader.cc(340)] could not read dos header from C:\Program Files (x86)\Google\Chrome\Application\83.0.4103.61\chrome.dll
[0602/163727.957:ERROR:process_memory_win.cc(73)] ReadMemory at 0x7ffdd7a80000 of 64 bytes failed: Only part of a ReadProcessMemory or WriteProcessMemory request was completed. (0x12B)
[0602/163727.957:WARNING:pe_image_reader.cc(340)] could not read dos header from C:\WINDOWS\System32\WS2_32.dll
[0602/163727.957:ERROR:process_memory_win.cc(73)] ReadMemory at 0x7ffdd7d40000 of 64 bytes failed: Only part of a ReadProcessMemory or WriteProcessMemory request was completed. (0x12B)
[0602/163727.958:WARNING:pe_image_reader.cc(340)] could not read dos header from C:\WINDOWS\System32\OLEAUT32.dll
[0602/163727.958:ERROR:process_memory_win.cc(73)] ReadMemory at 0x7ffdd6bf0000 of 64 bytes failed: Only part of a ReadProcessMemory or WriteProcessMemory request was completed. (0x12B)
[0602/163727.958:WARNING:pe_image_reader.cc(340)] could not read dos header from C:\WINDOWS\System32\msvcp_win.dll
[0602/163727.958:ERROR:process_memory_win.cc(73)] ReadMemory at 0x7ffdd5e00000 of 64 bytes failed: Only part of a ReadProcessMemory or WriteProcessMemory request was completed. (0x12B)
[0602/163727.958:WARNING:pe_image_reader.cc(340)] could not read dos header from C:\WINDOWS\System32\ucrtbase.dll
[0602/163727.958:ERROR:process_memory_win.cc(73)] ReadMemory at 0x7ffdd8070000 of 64 bytes failed: Only part of a ReadProcessMemory or WriteProcessMemory request was completed. (0x12B)
[0602/163727.958:WARNING:pe_image_reader.cc(340)] could not read dos header from C:\WINDOWS\System32\combase.dll
[0602/163727.958:ERROR:process_memory_win.cc(73)] ReadMemory at 0x7ffdd5da0000 of 64 bytes failed: Only part of a ReadProcessMemory or WriteProcessMemory request was completed. (0x12B)
[0602/163727.958:WARNING:pe_image_reader.cc(340)] could not read dos header from C:\WINDOWS\System32\WINTRUST.dll
[0602/163727.958:ERROR:process_memory_win.cc(73)] ReadMemory at 0x7ffdd5d80000 of 64 bytes failed: Only part of a ReadProcessMemory or WriteProcessMemory request was completed. (0x12B)
[0602/163727.958:WARNING:pe_image_reader.cc(340)] could not read dos header from C:\WINDOWS\System32\MSASN1.dll
[0602/163727.958:ERROR:process_memory_win.cc(73)] ReadMemory at 0x7ffdd6d40000 of 64 bytes failed: Only part of a ReadProcessMemory or WriteProcessMemory request was completed. (0x12B)
[0602/163727.958:WARNING:pe_image_reader.cc(340)] could not read dos header from C:\WINDOWS\System32\CRYPT32.dll
[0602/163727.959:ERROR:process_memory_win.cc(73)] ReadMemory at 0x7ffdd51f0000 of 64 bytes failed: Only part of a ReadProcessMemory or WriteProcessMemory request was completed. (0x12B)
[0602/163727.959:WARNING:pe_image_reader.cc(340)] could not read dos header from C:\WINDOWS\SYSTEM32\IPHLPAPI.DLL
[0602/163727.959:ERROR:process_memory_win.cc(73)] ReadMemory at 0x7ffdd2dc0000 of 64 bytes failed: Only part of a ReadProcessMemory or WriteProcessMemory request was completed. (0x12B)
[0602/163727.959:WARNING:pe_image_reader.cc(340)] could not read dos header from C:\WINDOWS\SYSTEM32\WINMM.dll
[0602/163727.959:ERROR:process_memory_win.cc(73)] ReadMemory at 0x7ffdc2a10000 of 64 bytes failed: Only part of a ReadProcessMemory or WriteProcessMemory request was completed. (0x12B)
[0602/163727.959:WARNING:pe_image_reader.cc(340)] could not read dos header from C:\WINDOWS\SYSTEM32\Secur32.dll
[0602/163727.959:ERROR:process_memory_win.cc(73)] ReadMemory at 0x7ffdd5bc0000 of 64 bytes failed: Only part of a ReadProcessMemory or WriteProcessMemory request was completed. (0x12B)
[0602/163727.959:WARNING:pe_image_reader.cc(340)] could not read dos header from C:\WINDOWS\SYSTEM32\USERENV.dll
[0602/163727.959:ERROR:process_memory_win.cc(73)] ReadMemory at 0x7ffdd5d50000 of 64 bytes failed: Only part of a ReadProcessMemory or WriteProcessMemory request was completed. (0x12B)
[0602/163727.959:WARNING:pe_image_reader.cc(340)] could not read dos header from C:\WINDOWS\System32\profapi.dll
[0602/163727.959:ERROR:process_memory_win.cc(73)] ReadMemory at 0x7ffdafc30000 of 64 bytes failed: Only part of a ReadProcessMemory or WriteProcessMemory request was completed. (0x12B)
[0602/163727.959:WARNING:pe_image_reader.cc(340)] could not read dos header from C:\WINDOWS\SYSTEM32\UIAutomationCore.DLL
[0602/163727.960:ERROR:process_memory_win.cc(73)] ReadMemory at 0x7ffdb26a0000 of 64 bytes failed: Only part of a ReadProcessMemory or WriteProcessMemory request was completed. (0x12B)
[0602/163727.960:WARNING:pe_image_reader.cc(340)] could not read dos header from C:\WINDOWS\SYSTEM32\DWrite.dll
[0602/163727.960:ERROR:process_memory_win.cc(73)] ReadMemory at 0x7ffdc53d0000 of 64 bytes failed: Only part of a ReadProcessMemory or WriteProcessMemory request was completed. (0x12B)
[0602/163727.960:WARNING:pe_image_reader.cc(340)] could not read dos header from C:\WINDOWS\SYSTEM32\WINSPOOL.DRV
[0602/163727.960:ERROR:process_memory_win.cc(73)] ReadMemory at 0x7ffdd5ce0000 of 64 bytes failed: Only part of a ReadProcessMemory or WriteProcessMemory request was completed. (0x12B)
[0602/163727.960:WARNING:pe_image_reader.cc(340)] could not read dos header from C:\WINDOWS\System32\kernel.appcore.dll
[0602/163727.960:ERROR:process_memory_win.cc(73)] ReadMemory at 0x7ffdd6bc0000 of 64 bytes failed: Only part of a ReadProcessMemory or WriteProcessMemory request was completed. (0x12B)
[0602/163727.960:WARNING:pe_image_reader.cc(340)] could not read dos header from C:\WINDOWS\System32\bcrypt.dll
[0602/163727.960:ERROR:process_memory_win.cc(73)] ReadMemory at 0x7ffdd45b0000 of 64 bytes failed: Only part of a ReadProcessMemory or WriteProcessMemory request was completed. (0x12B)
[0602/163727.960:WARNING:pe_image_reader.cc(340)] could not read dos header from C:\WINDOWS\SYSTEM32\dbghelp.dll
[0602/163727.960:ERROR:process_memory_win.cc(73)] ReadMemory at 0x7ffdcf7d0000 of 64 bytes failed: Only part of a ReadProcessMemory or WriteProcessMemory request was completed. (0x12B)
[0602/163727.961:WARNING:pe_image_reader.cc(340)] could not read dos header from C:\WINDOWS\SYSTEM32\WINHTTP.dll
[0602/163727.961:ERROR:process_memory_win.cc(73)] ReadMemory at 0x7ffdcadc0000 of 64 bytes failed: Only part of a ReadProcessMemory or WriteProcessMemory request was completed. (0x12B)
[0602/163727.961:WARNING:pe_image_reader.cc(340)] could not read dos header from C:\WINDOWS\SYSTEM32\dhcpcsvc.DLL
[0602/163727.961:ERROR:process_memory_win.cc(73)] ReadMemory at 0x7ffdd6f80000 of 64 bytes failed: Only part of a ReadProcessMemory or WriteProcessMemory request was completed. (0x12B)
[0602/163727.961:WARNING:pe_image_reader.cc(340)] could not read dos header from C:\WINDOWS\System32\NSI.dll
[0602/163727.961:ERROR:process_memory_win.cc(73)] ReadMemory at 0x7ffdd2bb0000 of 64 bytes failed: Only part of a ReadProcessMemory or WriteProcessMemory request was completed. (0x12B)
[0602/163727.961:WARNING:pe_image_reader.cc(340)] could not read dos header from C:\WINDOWS\SYSTEM32\WINMMBASE.dll
[0602/163727.961:ERROR:process_memory_win.cc(73)] ReadMemory at 0x7ffdd6ad0000 of 64 bytes failed: Only part of a ReadProcessMemory or WriteProcessMemory request was completed. (0x12B)
[0602/163727.961:WARNING:pe_image_reader.cc(340)] could not read dos header from C:\WINDOWS\System32\cfgmgr32.dll
[0602/163727.961:ERROR:process_memory_win.cc(73)] ReadMemory at 0x7ffdd38f0000 of 64 bytes failed: Only part of a ReadProcessMemory or WriteProcessMemory request was completed. (0x12B)
[0602/163727.961:WARNING:pe_image_reader.cc(340)] could not read dos header from C:\WINDOWS\SYSTEM32\PROPSYS.dll
[0602/163727.961:ERROR:process_memory_win.cc(73)] ReadMemory at 0x7ffdd7e10000 of 64 bytes failed: Only part of a ReadProcessMemory or WriteProcessMemory request was completed. (0x12B)
[0602/163727.961:WARNING:pe_image_reader.cc(340)] could not read dos header from C:\WINDOWS\System32\shcore.dll
[0602/163727.962:ERROR:process_memory_win.cc(73)] ReadMemory at 0x7ffdd5bf0000 of 64 bytes failed: Only part of a ReadProcessMemory or WriteProcessMemory request was completed. (0x12B)
[0602/163727.962:WARNING:pe_image_reader.cc(340)] could not read dos header from C:\WINDOWS\SYSTEM32\SSPICLI.DLL
[0602/163727.962:ERROR:process_memory_win.cc(73)] ReadMemory at 0x7ffdd56b0000 of 64 bytes failed: Only part of a ReadProcessMemory or WriteProcessMemory request was completed. (0x12B)
[0602/163727.962:WARNING:pe_image_reader.cc(340)] could not read dos header from C:\WINDOWS\SYSTEM32\CRYPTBASE.DLL
[0602/163728.099:ERROR:process_memory_win.cc(73)] ReadMemory at 0x5487ea000 of 90112 bytes failed: Only part of a ReadProcessMemory or WriteProcessMemory request was completed. (0x12B)
[0602/163728.099:ERROR:process_memory_win.cc(73)] ReadMemory at 0x548ffd000 of 12288 bytes failed: Only part of a ReadProcessMemory or WriteProcessMemory request was completed. (0x12B)
[0602/163728.100:ERROR:process_memory_win.cc(73)] ReadMemory at 0x549ffc000 of 16384 bytes failed: Only part of a ReadProcessMemory or WriteProcessMemory request was completed. (0x12B)
[0602/163728.100:ERROR:process_memory_win.cc(73)] ReadMemory at 0x54a7fc000 of 16384 bytes failed: Only part of a ReadProcessMemory or WriteProcessMemory request was completed. (0x12B)
[0602/163728.100:ERROR:process_memory_win.cc(73)] ReadMemory at 0x54affe000 of 8192 bytes failed: Only part of a ReadProcessMemory or WriteProcessMemory request was completed. (0x12B)
[0602/163728.100:ERROR:process_memory_win.cc(73)] ReadMemory at 0x54b7fd000 of 12288 bytes failed: Only part of a ReadProcessMemory or WriteProcessMemory request was completed. (0x12B)
[0602/163728.101:ERROR:process_memory_win.cc(73)] ReadMemory at 0x54bffb000 of 20480 bytes failed: Only part of a ReadProcessMemory or WriteProcessMemory request was completed. (0x12B)
[0602/163728.101:ERROR:process_memory_win.cc(73)] ReadMemory at 0x54cffd000 of 12288 bytes failed: Only part of a ReadProcessMemory or WriteProcessMemory request was completed. (0x12B)
[0602/163728.101:ERROR:process_memory_win.cc(73)] ReadMemory at 0x54d7f5000 of 45056 bytes failed: Only part of a ReadProcessMemory or WriteProcessMemory request was completed. (0x12B)
[0602/163728.101:ERROR:process_memory_win.cc(73)] ReadMemory at 0x54dff5000 of 45056 bytes failed: Only part of a ReadProcessMemory or WriteProcessMemory request was completed. (0x12B)
[0602/163728.101:ERROR:process_memory_win.cc(73)] ReadMemory at 0x54e7fd000 of 12288 bytes failed: Only part of a ReadProcessMemory or WriteProcessMemory request was completed. (0x12B)
[0602/163728.102:ERROR:process_memory_win.cc(73)] ReadMemory at 0x54c7fd000 of 12288 bytes failed: Only part of a ReadProcessMemory or WriteProcessMemory request was completed. (0x12B)
[0602/163728.102:ERROR:process_memory_win.cc(73)] ReadMemory at 0x54f7fd000 of 12288 bytes failed: Only part of a ReadProcessMemory or WriteProcessMemory request was completed. (0x12B)
[0602/163728.102:ERROR:process_memory_win.cc(73)] ReadMemory at 0x5497ff000 of 4096 bytes failed: Only part of a ReadProcessMemory or WriteProcessMemory request was completed. (0x12B)
[0602/163728.102:ERROR:process_memory_win.cc(73)] ReadMemory at 0x54efff000 of 4096 bytes failed: Only part of a ReadProcessMemory or WriteProcessMemory request was completed. (0x12B)
[0602/163728.153:ERROR:process_memory_win.cc(73)] ReadMemory at 0x547e00000 of 852 bytes failed: Only part of a ReadProcessMemory or WriteProcessMemory request was completed. (0x12B)
[0602/163728.154:ERROR:process_memory_win.cc(73)] ReadMemory at 0x547e01000 of 6024 bytes failed: Only part of a ReadProcessMemory or WriteProcessMemory request was completed. (0x12B)
[0602/163728.154:ERROR:process_memory_win.cc(73)] ReadMemory at 0x547e03000 of 6024 bytes failed: Only part of a ReadProcessMemory or WriteProcessMemory request was completed. (0x12B)
[0602/163728.155:ERROR:process_memory_win.cc(73)] ReadMemory at 0x547e07000 of 6024 bytes failed: Only part of a ReadProcessMemory or WriteProcessMemory request was completed. (0x12B)
[0602/163728.155:ERROR:process_memory_win.cc(73)] ReadMemory at 0x547e09000 of 6024 bytes failed: Only part of a ReadProcessMemory or WriteProcessMemory request was completed. (0x12B)
[0602/163728.155:ERROR:process_memory_win.cc(73)] ReadMemory at 0x547e0b000 of 6024 bytes failed: Only part of a ReadProcessMemory or WriteProcessMemory request was completed. (0x12B)
[0602/163728.155:ERROR:process_memory_win.cc(73)] ReadMemory at 0x547e0d000 of 6024 bytes failed: Only part of a ReadProcessMemory or WriteProcessMemory request was completed. (0x12B)
[0602/163728.156:ERROR:process_memory_win.cc(73)] ReadMemory at 0x547e0f000 of 6024 bytes failed: Only part of a ReadProcessMemory or WriteProcessMemory request was completed. (0x12B)
[0602/163728.156:ERROR:process_memory_win.cc(73)] ReadMemory at 0x547e13000 of 6024 bytes failed: Only part of a ReadProcessMemory or WriteProcessMemory request was completed. (0x12B)
[0602/163728.156:ERROR:process_memory_win.cc(73)] ReadMemory at 0x547e15000 of 6024 bytes failed: Only part of a ReadProcessMemory or WriteProcessMemory request was completed. (0x12B)
[0602/163728.156:ERROR:process_memory_win.cc(73)] ReadMemory at 0x547e17000 of 6024 bytes failed: Only part of a ReadProcessMemory or WriteProcessMemory request was completed. (0x12B)
[0602/163728.156:ERROR:process_memory_win.cc(73)] ReadMemory at 0x547e19000 of 6024 bytes failed: Only part of a ReadProcessMemory or WriteProcessMemory request was completed. (0x12B)
[0602/163728.157:ERROR:process_memory_win.cc(73)] ReadMemory at 0x547e1f000 of 6024 bytes failed: Only part of a ReadProcessMemory or WriteProcessMemory request was completed. (0x12B)
[0602/163728.157:ERROR:process_memory_win.cc(73)] ReadMemory at 0x547e2b000 of 6024 bytes failed: Only part of a ReadProcessMemory or WriteProcessMemory request was completed. (0x12B)
[0602/163728.157:ERROR:process_memory_win.cc(73)] ReadMemory at 0x547e33000 of 6024 bytes failed: Only part of a ReadProcessMemory or WriteProcessMemory request was completed. (0x12B)
[0602/163728.157:ERROR:process_memory_win.cc(73)] ReadMemory at 0x547e35000 of 6024 bytes failed: Only part of a ReadProcessMemory or WriteProcessMemory request was completed. (0x12B)
[0602/163728.158:ERROR:process_memory_win.cc(73)] ReadMemory at 0x10680041000 of 512 bytes failed: Only part of a ReadProcessMemory or WriteProcessMemory request was completed. (0x12B)
[0602/163728.158:ERROR:process_memory_win.cc(73)] ReadMemory at 0x1068009f5d8 of 512 bytes failed: Only part of a ReadProcessMemory or WriteProcessMemory request was completed. (0x12B)
[0602/163728.158:ERROR:process_memory_win.cc(73)] ReadMemory at 0x106800abca0 of 1024 bytes failed: Only part of a ReadProcessMemory or WriteProcessMemory request was completed. (0x12B)
[0602/163728.158:ERROR:process_memory_win.cc(73)] ReadMemory at 0x106800af890 of 512 bytes failed: Only part of a ReadProcessMemory or WriteProcessMemory request was completed. (0x12B)
[0602/163728.158:ERROR:process_memory_win.cc(73)] ReadMemory at 0x106800eccb0 of 512 bytes failed: Only part of a ReadProcessMemory or WriteProcessMemory request was completed. (0x12B)
[0602/163728.159:ERROR:process_memory_win.cc(73)] ReadMemory at 0x106800fd720 of 512 bytes failed: Only part of a ReadProcessMemory or WriteProcessMemory request was completed. (0x12B)
[0602/163728.159:ERROR:process_memory_win.cc(73)] ReadMemory at 0x10680204bf0 of 512 bytes failed: Only part of a ReadProcessMemory or WriteProcessMemory request was completed. (0x12B)
[0602/163728.159:ERROR:process_memory_win.cc(73)] ReadMemory at 0x106817b98c8 of 680 bytes failed: Only part of a ReadProcessMemory or WriteProcessMemory request was completed. (0x12B)
[0602/163728.159:ERROR:process_memory_win.cc(73)] ReadMemory at 0x10682493d65 of 512 bytes failed: Only part of a ReadProcessMemory or WriteProcessMemory request was completed. (0x12B)
[0602/163728.159:ERROR:process_memory_win.cc(73)] ReadMemory at 0x10682b0c060 of 512 bytes failed: Only part of a ReadProcessMemory or WriteProcessMemory request was completed. (0x12B)
[0602/163728.160:ERROR:process_memory_win.cc(73)] ReadMemory at 0x106fdf60750 of 80 bytes failed: Only part of a ReadProcessMemory or WriteProcessMemory request was completed. (0x12B)
[0602/163728.160:ERROR:process_memory_win.cc(73)] ReadMemory at 0x106fdf60ad0 of 512 bytes failed: Only part of a ReadProcessMemory or WriteProcessMemory request was completed. (0x12B)
[0602/163728.160:ERROR:process_memory_win.cc(73)] ReadMemory at 0x106fdf60fe0 of 18578 bytes failed: Only part of a ReadProcessMemory or WriteProcessMemory request was completed. (0x12B)
[0602/163728.387:ERROR:process_memory_win.cc(73)] ReadMemory at 0x106fdf65880 of 1012 bytes failed: Only part of a ReadProcessMemory or WriteProcessMemory request was completed. (0x12B)
[0602/163728.387:ERROR:process_memory_win.cc(73)] ReadMemory at 0x106fdf65ec8 of 118 bytes failed: Only part of a ReadProcessMemory or WriteProcessMemory request was completed. (0x12B)
[0602/163728.387:ERROR:process_memory_win.cc(73)] ReadMemory at 0x106fdf65f40 of 754 bytes failed: Only part of a ReadProcessMemory or WriteProcessMemory request was completed. (0x12B)
[0602/163728.388:ERROR:process_memory_win.cc(73)] ReadMemory at 0x106fdf66234 of 118 bytes failed: Only part of a ReadProcessMemory or WriteProcessMemory request was completed. (0x12B)
[0602/163728.388:ERROR:process_memory_win.cc(73)] ReadMemory at 0x106fdf662ac of 100 bytes failed: Only part of a ReadProcessMemory or WriteProcessMemory request was completed. (0x12B)
[0602/163728.388:ERROR:process_memory_win.cc(73)] ReadMemory at 0x106fdf66320 of 58 bytes failed: Only part of a ReadProcessMemory or WriteProcessMemory request was completed. (0x12B)
[0602/163728.388:ERROR:process_memory_win.cc(73)] ReadMemory at 0x106fdf66420 of 132 bytes failed: Only part of a ReadProcessMemory or WriteProcessMemory request was completed. (0x12B)
[0602/163728.388:ERROR:process_memory_win.cc(73)] ReadMemory at 0x106fdf665b0 of 132 bytes failed: Only part of a ReadProcessMemory or WriteProcessMemory request was completed. (0x12B)
[0602/163728.388:ERROR:process_memory_win.cc(73)] ReadMemory at 0x106fdf66770 of 124 bytes failed: Only part of a ReadProcessMemory or WriteProcessMemory request was completed. (0x12B)
[0602/163728.389:ERROR:process_memory_win.cc(73)] ReadMemory at 0x106fdf66b50 of 132 bytes failed: Only part of a ReadProcessMemory or WriteProcessMemory request was completed. (0x12B)
[0602/163728.389:ERROR:process_memory_win.cc(73)] ReadMemory at 0x106fdf66ce0 of 64 bytes failed: Only part of a ReadProcessMemory or WriteProcessMemory request was completed. (0x12B)
[0602/163728.389:ERROR:process_memory_win.cc(73)] ReadMemory at 0x106fdf66ea0 of 132 bytes failed: Only part of a ReadProcessMemory or WriteProcessMemory request was completed. (0x12B)
[0602/163728.389:ERROR:process_memory_win.cc(73)] ReadMemory at 0x106fdf67140 of 132 bytes failed: Only part of a ReadProcessMemory or WriteProcessMemory request was completed. (0x12B)
[0602/163728.389:ERROR:process_memory_win.cc(73)] ReadMemory at 0x106fdf672d0 of 68 bytes failed: Only part of a ReadProcessMemory or WriteProcessMemory request was completed. (0x12B)
[0602/163728.389:ERROR:process_memory_win.cc(73)] ReadMemory at 0x106fdf683a0 of 132 bytes failed: Only part of a ReadProcessMemory or WriteProcessMemory request was completed. (0x12B)
[0602/163728.389:ERROR:process_memory_win.cc(73)] ReadMemory at 0x106fdf68530 of 152 bytes failed: Only part of a ReadProcessMemory or WriteProcessMemory request was completed. (0x12B)
[0602/163728.390:ERROR:process_memory_win.cc(73)] ReadMemory at 0x106fdf6a9c0 of 62 bytes failed: Only part of a ReadProcessMemory or WriteProcessMemory request was completed. (0x12B)
[0602/163728.390:ERROR:process_memory_win.cc(73)] ReadMemory at 0x106fdf6aa40 of 144 bytes failed: Only part of a ReadProcessMemory or WriteProcessMemory request was completed. (0x12B)
[0602/163728.390:ERROR:process_memory_win.cc(73)] ReadMemory at 0x106fdf6ab20 of 132 bytes failed: Only part of a ReadProcessMemory or WriteProcessMemory request was completed. (0x12B)
[0602/163728.390:ERROR:process_memory_win.cc(73)] ReadMemory at 0x106fdf6acb0 of 60 bytes failed: Only part of a ReadProcessMemory or WriteProcessMemory request was completed. (0x12B)
[0602/163728.390:ERROR:process_memory_win.cc(73)] ReadMemory at 0x106fdf6b1b0 of 132 bytes failed: Only part of a ReadProcessMemory or WriteProcessMemory request was completed. (0x12B)
[0602/163728.390:ERROR:process_memory_win.cc(73)] ReadMemory at 0x106fdf6b3c0 of 132 bytes failed: Only part of a ReadProcessMemory or WriteProcessMemory request was completed. (0x12B)
[0602/163728.391:ERROR:process_memory_win.cc(73)] ReadMemory at 0x106fdf6bf10 of 132 bytes failed: Only part of a ReadProcessMemory or WriteProcessMemory request was completed. (0x12B)
[0602/163728.391:ERROR:process_memory_win.cc(73)] ReadMemory at 0x106fdf6ee60 of 66 bytes failed: Only part of a ReadProcessMemory or WriteProcessMemory request was completed. (0x12B)
[0602/163728.391:ERROR:process_memory_win.cc(73)] ReadMemory at 0x106fdf6ef00 of 64 bytes failed: Only part of a ReadProcessMemory or WriteProcessMemory request was completed. (0x12B)
[0602/163728.391:ERROR:process_memory_win.cc(73)] ReadMemory at 0x106fdf6ef50 of 62 bytes failed: Only part of a ReadProcessMemory or WriteProcessMemory request was completed. (0x12B)
[0602/163728.391:ERROR:process_memory_win.cc(73)] ReadMemory at 0x106fdf6efa0 of 64 bytes failed: Only part of a ReadProcessMemory or WriteProcessMemory request was completed. (0x12B)
[0602/163728.391:ERROR:process_memory_win.cc(73)] ReadMemory at 0x106fdf6f130 of 60 bytes failed: Only part of a ReadProcessMemory or WriteProcessMemory request was completed. (0x12B)
[0602/163728.392:ERROR:process_memory_win.cc(73)] ReadMemory at 0x106fdf6f1d0 of 64 bytes failed: Only part of a ReadProcessMemory or WriteProcessMemory request was completed. (0x12B)
[0602/163728.392:ERROR:process_memory_win.cc(73)] ReadMemory at 0x106fdf6f220 of 62 bytes failed: Only part of a ReadProcessMemory or WriteProcessMemory request was completed. (0x12B)
[0602/163728.392:ERROR:process_memory_win.cc(73)] ReadMemory at 0x106fdf6f270 of 60 bytes failed: Only part of a ReadProcessMemory or WriteProcessMemory request was completed. (0x12B)
[0602/163728.392:ERROR:process_memory_win.cc(73)] ReadMemory at 0x106fdf6f540 of 64 bytes failed: Only part of a ReadProcessMemory or WriteProcessMemory request was completed. (0x12B)
[0602/163728.392:ERROR:process_memory_win.cc(73)] ReadMemory at 0x106fdf6f620 of 132 bytes failed: Only part of a ReadProcessMemory or WriteProcessMemory request was completed. (0x12B)
[0602/163728.392:ERROR:process_memory_win.cc(73)] ReadMemory at 0x106fdf6f880 of 132 bytes failed: Only part of a ReadProcessMemory or WriteProcessMemory request was completed. (0x12B)
[0602/163728.393:ERROR:process_memory_win.cc(73)] ReadMemory at 0x106fdf6f9b0 of 132 bytes failed: Only part of a ReadProcessMemory or WriteProcessMemory request was completed. (0x12B)
[0602/163728.393:ERROR:process_memory_win.cc(73)] ReadMemory at 0x106fdf6fae0 of 132 bytes failed: Only part of a ReadProcessMemory or WriteProcessMemory request was completed. (0x12B)
[0602/163728.393:ERROR:process_memory_win.cc(73)] ReadMemory at 0x106fdf6fc10 of 132 bytes failed: Only part of a ReadProcessMemory or WriteProcessMemory request was completed. (0x12B)
[0602/163728.393:ERROR:process_memory_win.cc(73)] ReadMemory at 0x106fdf6fd40 of 132 bytes failed: Only part of a ReadProcessMemory or WriteProcessMemory request was completed. (0x12B)
[0602/163728.393:ERROR:process_memory_win.cc(73)] ReadMemory at 0x106fdf6fe70 of 132 bytes failed: Only part of a ReadProcessMemory or WriteProcessMemory request was completed. (0x12B)
[0602/163728.393:ERROR:process_memory_win.cc(73)] ReadMemory at 0x106fdf6ffa0 of 132 bytes failed: Only part of a ReadProcessMemory or WriteProcessMemory request was completed. (0x12B)
[0602/163728.393:ERROR:process_memory_win.cc(73)] ReadMemory at 0x106fdf700d0 of 132 bytes failed: Only part of a ReadProcessMemory or WriteProcessMemory request was completed. (0x12B)
[0602/163728.394:ERROR:process_memory_win.cc(73)] ReadMemory at 0x106fdf70200 of 132 bytes failed: Only part of a ReadProcessMemory or WriteProcessMemory request was completed. (0x12B)
[0602/163728.394:ERROR:process_memory_win.cc(73)] ReadMemory at 0x106fdf70330 of 132 bytes failed: Only part of a ReadProcessMemory or WriteProcessMemory request was completed. (0x12B)
[0602/163728.394:ERROR:process_memory_win.cc(73)] ReadMemory at 0x106fdf70460 of 132 bytes failed: Only part of a ReadProcessMemory or WriteProcessMemory request was completed. (0x12B)
[0602/163728.394:ERROR:process_memory_win.cc(73)] ReadMemory at 0x106fdf73af0 of 54 bytes failed: Only part of a ReadProcessMemory or WriteProcessMemory request was completed. (0x12B)
[0602/163728.394:ERROR:process_memory_win.cc(73)] ReadMemory at 0x106fdf74650 of 132 bytes failed: Only part of a ReadProcessMemory or WriteProcessMemory request was completed. (0x12B)
[0602/163728.394:ERROR:process_memory_win.cc(73)] ReadMemory at 0x106fdf74780 of 132 bytes failed: Only part of a ReadProcessMemory or WriteProcessMemory request was completed. (0x12B)
[0602/163728.395:ERROR:process_memory_win.cc(73)] ReadMemory at 0x106fdf749a0 of 132 bytes failed: Only part of a ReadProcessMemory or WriteProcessMemory request was completed. (0x12B)
[0602/163728.395:ERROR:process_memory_win.cc(73)] ReadMemory at 0x106fdf74a50 of 512 bytes failed: Only part of a ReadProcessMemory or WriteProcessMemory request was completed. (0x12B)
[0602/163728.395:ERROR:process_memory_win.cc(73)] ReadMemory at 0x106fdf750f0 of 132 bytes failed: Only part of a ReadProcessMemory or WriteProcessMemory request was completed. (0x12B)
[0602/163728.395:ERROR:process_memory_win.cc(73)] ReadMemory at 0x106fdf76a60 of 76 bytes failed: Only part of a ReadProcessMemory or WriteProcessMemory request was completed. (0x12B)
[0602/163728.395:ERROR:process_memory_win.cc(73)] ReadMemory at 0x106fdf76c40 of 80 bytes failed: Only part of a ReadProcessMemory or WriteProcessMemory request was completed. (0x12B)
[0602/163728.395:ERROR:process_memory_win.cc(73)] ReadMemory at 0x106fdf77b90 of 60 bytes failed: Only part of a ReadProcessMemory or WriteProcessMemory request was completed. (0x12B)
[0602/163728.396:ERROR:process_memory_win.cc(73)] ReadMemory at 0x106fdf77cd0 of 62 bytes failed: Only part of a ReadProcessMemory or WriteProcessMemory request was completed. (0x12B)
[0602/163728.396:ERROR:process_memory_win.cc(73)] ReadMemory at 0x106fdf77d20 of 60 bytes failed: Only part of a ReadProcessMemory or WriteProcessMemory request was completed. (0x12B)
[0602/163728.396:ERROR:process_memory_win.cc(73)] ReadMemory at 0x106fdf77d70 of 62 bytes failed: Only part of a ReadProcessMemory or WriteProcessMemory request was completed. (0x12B)
[0602/163728.396:ERROR:process_memory_win.cc(73)] ReadMemory at 0x106fdf77e10 of 64 bytes failed: Only part of a ReadProcessMemory or WriteProcessMemory request was completed. (0x12B)
[0602/163728.396:ERROR:process_memory_win.cc(73)] ReadMemory at 0x106fdf77f50 of 64 bytes failed: Only part of a ReadProcessMemory or WriteProcessMemory request was completed. (0x12B)
[0602/163728.396:ERROR:process_memory_win.cc(73)] ReadMemory at 0x106fdf77fa0 of 62 bytes failed: Only part of a ReadProcessMemory or WriteProcessMemory request was completed. (0x12B)
[0602/163728.396:ERROR:process_memory_win.cc(73)] ReadMemory at 0x106fdf78040 of 58 bytes failed: Only part of a ReadProcessMemory or WriteProcessMemory request was completed. (0x12B)
[0602/163728.397:ERROR:process_memory_win.cc(73)] ReadMemory at 0x106fdf78090 of 64 bytes failed: Only part of a ReadProcessMemory or WriteProcessMemory request was completed. (0x12B)
[0602/163728.397:ERROR:process_memory_win.cc(73)] ReadMemory at 0x106fdf781d0 of 60 bytes failed: Only part of a ReadProcessMemory or WriteProcessMemory request was completed. (0x12B)
[0602/163728.397:ERROR:process_memory_win.cc(73)] ReadMemory at 0x106fdf78220 of 62 bytes failed: Only part of a ReadProcessMemory or WriteProcessMemory request was completed. (0x12B)
[0602/163728.397:ERROR:process_memory_win.cc(73)] ReadMemory at 0x106fdf782c0 of 64 bytes failed: Only part of a ReadProcessMemory or WriteProcessMemory request was completed. (0x12B)
[0602/163728.397:ERROR:process_memory_win.cc(73)] ReadMemory at 0x106fdf78400 of 66 bytes failed: Only part of a ReadProcessMemory or WriteProcessMemory request was completed. (0x12B)
[0602/163728.397:ERROR:process_memory_win.cc(73)] ReadMemory at 0x106fdf78450 of 62 bytes failed: Only part of a ReadProcessMemory or WriteProcessMemory request was completed. (0x12B)
[0602/163728.398:ERROR:process_memory_win.cc(73)] ReadMemory at 0x106fdf785e0 of 60 bytes failed: Only part of a ReadProcessMemory or WriteProcessMemory request was completed. (0x12B)
[0602/163728.398:ERROR:process_memory_win.cc(73)] ReadMemory at 0x106fdf786d0 of 62 bytes failed: Only part of a ReadProcessMemory or WriteProcessMemory request was completed. (0x12B)
[0602/163728.398:ERROR:process_memory_win.cc(73)] ReadMemory at 0x106fdf78770 of 62 bytes failed: Only part of a ReadProcessMemory or WriteProcessMemory request was completed. (0x12B)
[0602/163728.398:ERROR:process_memory_win.cc(73)] ReadMemory at 0x106fdf78860 of 62 bytes failed: Only part of a ReadProcessMemory or WriteProcessMemory request was completed. (0x12B)
[0602/163728.398:ERROR:process_memory_win.cc(73)] ReadMemory at 0x106fdf79810 of 132 bytes failed: Only part of a ReadProcessMemory or WriteProcessMemory request was completed. (0x12B)
[0602/163728.398:ERROR:process_memory_win.cc(73)] ReadMemory at 0x106fdf79a40 of 132 bytes failed: Only part of a ReadProcessMemory or WriteProcessMemory request was completed. (0x12B)
[0602/163728.399:ERROR:process_memory_win.cc(73)] ReadMemory at 0x106fdf7bda0 of 132 bytes failed: Only part of a ReadProcessMemory or WriteProcessMemory request was completed. (0x12B)
[0602/163728.399:ERROR:process_memory_win.cc(73)] ReadMemory at 0x106fdf7c280 of 132 bytes failed: Only part of a ReadProcessMemory or WriteProcessMemory request was completed. (0x12B)
[0602/163728.399:ERROR:process_memory_win.cc(73)] ReadMemory at 0x106fdf7c4e0 of 132 bytes failed: Only part of a ReadProcessMemory or WriteProcessMemory request was completed. (0x12B)
[0602/163728.399:ERROR:process_memory_win.cc(73)] ReadMemory at 0x106fdf7c740 of 132 bytes failed: Only part of a ReadProcessMemory or WriteProcessMemory request was completed. (0x12B)
[0602/163728.399:ERROR:process_memory_win.cc(73)] ReadMemory at 0x106fdf7c870 of 132 bytes failed: Only part of a ReadProcessMemory or WriteProcessMemory request was completed. (0x12B)
[0602/163728.400:ERROR:process_memory_win.cc(73)] ReadMemory at 0x106fdf7cc00 of 132 bytes failed: Only part of a ReadProcessMemory or WriteProcessMemory request was completed. (0x12B)
[0602/163728.400:ERROR:process_memory_win.cc(73)] ReadMemory at 0x106fdf7ce60 of 132 bytes failed: Only part of a ReadProcessMemory or WriteProcessMemory request was completed. (0x12B)
[0602/163728.400:ERROR:process_memory_win.cc(73)] ReadMemory at 0x106fdf7cf90 of 132 bytes failed: Only part of a ReadProcessMemory or WriteProcessMemory request was completed. (0x12B)
[0602/163728.400:ERROR:process_memory_win.cc(73)] ReadMemory at 0x106fdf7d0c0 of 132 bytes failed: Only part of a ReadProcessMemory or WriteProcessMemory request was completed. (0x12B)
[0602/163728.400:ERROR:process_memory_win.cc(73)] ReadMemory at 0x106fdf7d320 of 132 bytes failed: Only part of a ReadProcessMemory or WriteProcessMemory request was completed. (0x12B)
[0602/163728.400:ERROR:process_memory_win.cc(73)] ReadMemory at 0x106fdf7d580 of 132 bytes failed: Only part of a ReadProcessMemory or WriteProcessMemory request was completed. (0x12B)
[0602/163728.401:ERROR:process_memory_win.cc(73)] ReadMemory at 0x106fdf943c0 of 512 bytes failed: Only part of a ReadProcessMemory or WriteProcessMemory request was completed. (0x12B)
[0602/163728.401:ERROR:process_memory_win.cc(73)] ReadMemory at 0x106fdf9c4c0 of 512 bytes failed: Only part of a ReadProcessMemory or WriteProcessMemory request was completed. (0x12B)
[0602/163728.401:ERROR:process_memory_win.cc(73)] ReadMemory at 0x106fdf9c840 of 512 bytes failed: Only part of a ReadProcessMemory or WriteProcessMemory request was completed. (0x12B)
[0602/163728.401:ERROR:process_memory_win.cc(73)] ReadMemory at 0x3dd100000000 of 391 bytes failed: Only part of a ReadProcessMemory or WriteProcessMemory request was completed. (0x12B)
[0602/163728.401:ERROR:process_memory_win.cc(73)] ReadMemory at 0x3dd100083101 of 512 bytes failed: Only part of a ReadProcessMemory or WriteProcessMemory request was completed. (0x12B)
[0602/163728.401:ERROR:process_memory_win.cc(73)] ReadMemory at 0x3dd108f003ad of 512 bytes failed: Only part of a ReadProcessMemory or WriteProcessMemory request was completed. (0x12B)
[0602/163728.402:ERROR:process_memory_win.cc(73)] ReadMemory at 0x3dd10a129cd1 of 512 bytes failed: Only part of a ReadProcessMemory or WriteProcessMemory request was completed. (0x12B)
[0602/163728.402:ERROR:process_memory_win.cc(73)] ReadMemory at 0x7ffd78bdbe1c of 512 bytes failed: Only part of a ReadProcessMemory or WriteProcessMemory request was completed. (0x12B)
[0602/163728.402:ERROR:process_memory_win.cc(73)] ReadMemory at 0x7ffd79419438 of 512 bytes failed: Only part of a ReadProcessMemory or WriteProcessMemory request was completed. (0x12B)
[0602/163728.402:ERROR:process_memory_win.cc(73)] ReadMemory at 0x7ffd7db6dd2b of 512 bytes failed: Only part of a ReadProcessMemory or WriteProcessMemory request was completed. (0x12B)
[0602/163728.402:ERROR:process_memory_win.cc(73)] ReadMemory at 0x7ffda14a79a5 of 512 bytes failed: Only part of a ReadProcessMemory or WriteProcessMemory request was completed. (0x12B)
[0602/163728.402:ERROR:process_memory_win.cc(73)] ReadMemory at 0x7ffda14a8180 of 512 bytes failed: Only part of a ReadProcessMemory or WriteProcessMemory request was completed. (0x12B)
[0602/163728.403:ERROR:process_memory_win.cc(73)] ReadMemory at 0x7ffdd8e5c074 of 672 bytes failed: Only part of a ReadProcessMemory or WriteProcessMemory request was completed. (0x12B)
[0602/163728.403:ERROR:process_memory_win.cc(73)] ReadMemory at 0x7ffdd8e5f924 of 608 bytes failed: Only part of a ReadProcessMemory or WriteProcessMemory request was completed. (0x12B)
[0602/163728.403:ERROR:process_memory_win.cc(73)] ReadMemory at 0x7ffdd8eec428 of 18 bytes failed: Only part of a ReadProcessMemory or WriteProcessMemory request was completed. (0x12B)
[0602/163728.403:ERROR:process_memory_win.cc(73)] ReadMemory at 0x7ffdd8f1f4f8 of 40 bytes failed: Only part of a ReadProcessMemory or WriteProcessMemory request was completed. (0x12B)
[0602/163728.403:ERROR:process_memory_win.cc(73)] ReadMemory at 0x7ffdd8f1f978 of 48 bytes failed: Only part of a ReadProcessMemory or WriteProcessMemory request was completed. (0x12B)
[0602/163728.403:ERROR:process_memory_win.cc(73)] ReadMemory at 0x7ffdd8f253c0 of 64 bytes failed: Only part of a ReadProcessMemory or WriteProcessMemory request was completed. (0x12B)
[0602/163728.621:ERROR:scoped_process_suspend.cc(40)] NtResumeProcess: An attempt was made to access an exiting process. (0xc000010a)
[1010/195027.939:ERROR:directory_reader_win.cc(43)] FindFirstFile: The system cannot find the path specified. (0x3)
[1010/203514.134:ERROR:filesystem_win.cc(129)] GetFileAttributes C:\Users\dp charan\AppData\Local\Google\Chrome\User Data\Crashpad\attachments\306f1b33-03ff-40d7-ba7d-de4c8edda0a0: The system cannot find the path specified. (0x3)
